0 info it worked if it ends with ok
1 verbose cli [ '/usr/local/bin/node',
1 verbose cli   '/usr/local/bin/npm',
1 verbose cli   'run',
1 verbose cli   'gen_merchants' ]
2 info using npm@3.6.0
3 info using node@v5.7.0
4 verbose run-script [ 'pregen_merchants', 'gen_merchants', 'postgen_merchants' ]
5 info lifecycle generators@1.0.0~pregen_merchants: generators@1.0.0
6 silly lifecycle generators@1.0.0~pregen_merchants: no script for pregen_merchants, continuing
7 info lifecycle generators@1.0.0~gen_merchants: generators@1.0.0
8 verbose lifecycle generators@1.0.0~gen_merchants: unsafe-perm in lifecycle true
9 verbose lifecycle generators@1.0.0~gen_merchants: PATH: /usr/local/lib/node_modules/npm/bin/node-gyp-bin:/Users/gasya/work/do/xopay-admin/generators/node_modules/.bin:/usr/local/bin:/usr/bin:/bin:/usr/sbin:/sbin
10 verbose lifecycle generators@1.0.0~gen_merchants: CWD: /Users/gasya/work/do/xopay-admin/generators
11 silly lifecycle generators@1.0.0~gen_merchants: Args: [ '-c', 'node index.js merchants' ]
12 silly lifecycle generators@1.0.0~gen_merchants: Returned: code: 1  signal: null
13 info lifecycle generators@1.0.0~gen_merchants: Failed to exec gen_merchants script
14 verbose stack Error: generators@1.0.0 gen_merchants: `node index.js merchants`
14 verbose stack Exit status 1
14 verbose stack     at EventEmitter.<anonymous> (/usr/local/lib/node_modules/npm/lib/utils/lifecycle.js:232:16)
14 verbose stack     at emitTwo (events.js:100:13)
14 verbose stack     at EventEmitter.emit (events.js:185:7)
14 verbose stack     at ChildProcess.<anonymous> (/usr/local/lib/node_modules/npm/lib/utils/spawn.js:24:14)
14 verbose stack     at emitTwo (events.js:100:13)
14 verbose stack     at ChildProcess.emit (events.js:185:7)
14 verbose stack     at maybeClose (internal/child_process.js:827:16)
14 verbose stack     at Process.ChildProcess._handle.onexit (internal/child_process.js:211:5)
15 verbose pkgid generators@1.0.0
16 verbose cwd /Users/gasya/work/do/xopay-admin/generators
17 error Darwin 15.3.0
18 error argv "/usr/local/bin/node" "/usr/local/bin/npm" "run" "gen_merchants"
19 error node v5.7.0
20 error npm  v3.6.0
21 error code ELIFECYCLE
22 error generators@1.0.0 gen_merchants: `node index.js merchants`
22 error Exit status 1
23 error Failed at the generators@1.0.0 gen_merchants script 'node index.js merchants'.
23 error Make sure you have the latest version of node.js and npm installed.
23 error If you do, this is most likely a problem with the generators package,
23 error not with npm itself.
23 error Tell the author that this fails on your system:
23 error     node index.js merchants
23 error You can get information on how to open an issue for this project with:
23 error     npm bugs generators
23 error Or if that isn't available, you can get their info via:
23 error     npm owner ls generators
23 error There is likely additional logging output above.
24 verbose exit [ 1, true ]
